Error: Ooops
    at Timeout.setInterval [as _onTimeout] (C:\Users\ebelduma\Desktop\NodeJS\Utilidades-debegging\console-class.js:12:23)
    at ontimeout (timers.js:436:11)
    at tryOnTimeout (timers.js:300:5)
    at listOnTimeout (timers.js:263:5)
    at Timer.processTimers (timers.js:223:10)
Error: Ooops
    at Timeout.setInterval [as _onTimeout] (C:\Users\ebelduma\Desktop\NodeJS\Utilidades-debegging\console-class.js:12:23)
    at ontimeout (timers.js:436:11)
    at tryOnTimeout (timers.js:300:5)
    at listOnTimeout (timers.js:263:5)
    at Timer.processTimers (timers.js:223:10)
Error: Ooops
    at Timeout.setInterval [as _onTimeout] (C:\Users\ebelduma\Desktop\NodeJS\Utilidades-debegging\console-class.js:12:23)
    at ontimeout (timers.js:436:11)
    at tryOnTimeout (timers.js:300:5)
    at listOnTimeout (timers.js:263:5)
    at Timer.processTimers (timers.js:223:10)
Error: Ooops
    at Timeout.setInterval [as _onTimeout] (C:\Users\ebelduma\Desktop\NodeJS\Utilidades-debegging\console-class.js:12:23)
    at ontimeout (timers.js:436:11)
    at tryOnTimeout (timers.js:300:5)
    at listOnTimeout (timers.js:263:5)
    at Timer.processTimers (timers.js:223:10)
Error: Ooops
    at Timeout.setInterval [as _onTimeout] (C:\Users\ebelduma\Desktop\NodeJS\Utilidades-debegging\console-class.js:12:23)
    at ontimeout (timers.js:436:11)
    at tryOnTimeout (timers.js:300:5)
    at listOnTimeout (timers.js:263:5)
    at Timer.processTimers (timers.js:223:10)
